<?xml version="1.0" encoding="utf-8"?><testsuites name="pytest tests"><testsuite name="pytest" errors="0" failures="0" skipped="0" tests="20" time="3.592" timestamp="2026-04-16T17:10:59.792980+00:00" hostname="agent-env-5ce24df9-7828-4392-a4d0-a7dd5ba215f9"><testcase classname="backend.tests.test_security.TestSecurityHeaders" name="test_strict_transport_security_header" time="0.279" /><testcase classname="backend.tests.test_security.TestSecurityHeaders" name="test_content_security_policy_header" time="0.232" /><testcase classname="backend.tests.test_security.TestSecurityHeaders" name="test_x_content_type_options_header" time="0.147" /><testcase classname="backend.tests.test_security.TestSecurityHeaders" name="test_x_xss_protection_header" time="0.144" /><testcase classname="backend.tests.test_security.TestSecurityHeaders" name="test_x_frame_options_header" time="0.137" /><testcase classname="backend.tests.test_security.TestSecurityHeaders" name="test_referrer_policy_header" time="0.481" /><testcase classname="backend.tests.test_security.TestSecurityHeaders" name="test_permissions_policy_header" time="0.163" /><testcase classname="backend.tests.test_security.TestSecurityHeaders" name="test_cache_control_header_on_api" time="0.120" /><testcase classname="backend.tests.test_security.TestSecurityStatusEndpoint" name="test_security_status_returns_200" time="0.121" /><testcase classname="backend.tests.test_security.TestSecurityStatusEndpoint" name="test_security_status_json_structure" time="0.129" /><testcase classname="backend.tests.test_security.TestXSSSanitization" name="test_xss_script_tag_sanitized" time="0.152" /><testcase classname="backend.tests.test_security.TestXSSSanitization" name="test_xss_event_handler_sanitized" time="0.144" /><testcase classname="backend.tests.test_security.TestXSSSanitization" name="test_xss_javascript_protocol_sanitized" time="0.133" /><testcase classname="backend.tests.test_security.TestXSSSanitization" name="test_normal_input_preserved" time="0.149" /><testcase classname="backend.tests.test_security.TestStatusEndpointCRUD" name="test_get_status_returns_list" time="0.153" /><testcase classname="backend.tests.test_security.TestStatusEndpointCRUD" name="test_post_status_creates_entry" time="0.141" /><testcase classname="backend.tests.test_security.TestStatusEndpointCRUD" name="test_post_status_persists_data" time="0.273" /><testcase classname="backend.tests.test_security.TestRootEndpoint" name="test_root_endpoint_returns_message" time="0.144" /><testcase classname="backend.tests.test_security.TestCORSConfiguration" name="test_cors_headers_present" time="0.132" /><testcase classname="backend.tests.test_security.TestCORSConfiguration" name="test_cors_methods_specified" time="0.075" /></testsuite></testsuites>