<?xml version="1.0" encoding="utf-8"?><testsuites name="pytest tests"><testsuite name="pytest" errors="0" failures="0" skipped="0" tests="25" time="6.295" timestamp="2026-04-16T17:18:35.879091+00:00" hostname="agent-env-5ce24df9-7828-4392-a4d0-a7dd5ba215f9"><testcase classname="tests.test_security_banking.TestSecurityHeaders" name="test_strict_transport_security_header" time="0.254" /><testcase classname="tests.test_security_banking.TestSecurityHeaders" name="test_content_security_policy_header" time="0.143" /><testcase classname="tests.test_security_banking.TestSecurityHeaders" name="test_x_content_type_options_header" time="0.137" /><testcase classname="tests.test_security_banking.TestSecurityHeaders" name="test_x_xss_protection_header" time="0.177" /><testcase classname="tests.test_security_banking.TestSecurityHeaders" name="test_x_frame_options_header" time="0.129" /><testcase classname="tests.test_security_banking.TestSecurityHeaders" name="test_referrer_policy_header" time="0.150" /><testcase classname="tests.test_security_banking.TestSecurityHeaders" name="test_permissions_policy_header" time="0.149" /><testcase classname="tests.test_security_banking.TestSecurityHeaders" name="test_cache_control_header_on_api" time="0.140" /><testcase classname="tests.test_security_banking.TestSecurityStatusEndpoint" name="test_security_status_returns_200" time="0.161" /><testcase classname="tests.test_security_banking.TestSecurityStatusEndpoint" name="test_security_status_all_true" time="0.145" /><testcase classname="tests.test_security_banking.TestCORSConfiguration" name="test_cors_headers_present" time="0.109" /><testcase classname="tests.test_security_banking.TestCORSConfiguration" name="test_cors_methods_allowed" time="0.071" /><testcase classname="tests.test_security_banking.TestAuthEndpoints" name="test_register_new_user" time="0.821" /><testcase classname="tests.test_security_banking.TestAuthEndpoints" name="test_register_invalid_pin" time="0.127" /><testcase classname="tests.test_security_banking.TestAuthEndpoints" name="test_login_invalid_credentials" time="0.117" /><testcase classname="tests.test_security_banking.TestAuthEndpoints" name="test_login_with_test_user" time="1.377" /><testcase classname="tests.test_security_banking.TestWalletEndpoint" name="test_wallet_requires_auth" time="0.161" /><testcase classname="tests.test_security_banking.TestPublicEndpoints" name="test_faqs_endpoint" time="0.206" /><testcase classname="tests.test_security_banking.TestPublicEndpoints" name="test_terms_endpoint" time="0.155" /><testcase classname="tests.test_security_banking.TestPublicEndpoints" name="test_privacy_endpoint" time="0.134" /><testcase classname="tests.test_security_banking.TestPublicEndpoints" name="test_legal_endpoint" time="0.140" /><testcase classname="tests.test_security_banking.TestPublicEndpoints" name="test_kyc_email_info_endpoint" time="0.193" /><testcase classname="tests.test_security_banking.TestAdminAuth" name="test_admin_login_invalid" time="0.182" /><testcase classname="tests.test_security_banking.TestAdminAuth" name="test_admin_login_with_test_credentials" time="0.136" /><testcase classname="tests.test_security_banking.TestInputSanitization" name="test_registration_sanitizes_name" time="0.694" /></testsuite></testsuites>